# DEVELOPER LOG #
 [RUN ID: 00001]: [ERROR: 0x0000] @ [2023-4-25 22:55:30] This is a "0" bug report. Used for testing only.
 [RUN ID: 00002]: [ERROR: 0x0000] @ [2023-4-25 22:56:51] This is a "0" bug report. Used for testing only.
 [RUN ID: 00003]: [ERROR: 0x0000] @ [2023-4-25 22:56:52] This is a "0" bug report. Used for testing only.
 [RUN ID: 00004]: [ERROR: 0x0000] @ [2023-4-25 22:56:53] This is a "0" bug report. Used for testing only.
 [RUN ID: 00005]: [ERROR: 0x0000] @ [2023-4-25 22:56:59] This is a "0" bug report. Used for testing only.
 [RUN ID: 00006]: [INFO:  PASSED] @ [2023-4-26 15:19:7] com.pluto.init.py successfully completed.
 [RUN ID: 00007]: [INFO:  PASSED] @ [2023-4-26 15:29:13] com.pluto.init.py successfully completed.
 [RUN ID: 00008]: [ERROR: 0x0022] @ [2023-4-26 15:34:47] System is not able to determine your <function system at 0x000000000170D160> version. Unable to continue.
 [RUN ID: 00009]: [ERROR: 0x0022] @ [2023-4-26 15:34:47] System is not able to determine your Windows version. Unable to continue.
 [RUN ID: 00010]: [INFO:  PASSED] @ [2023-4-26 15:34:47] com.pluto.init.py successfully completed.
 [RUN ID: 35640]: [ERROR: 0x0014] @ [2023-4-26 15:43:49] Pluto is not compatible with this system.
 [RUN ID: 35640]: [ERROR: 0x0022] @ [2023-4-26 15:43:49] System is not able to determine your Windows version. Unable to continue.
 [RUN ID: 35640]: [INFO:  PASSED] @ [2023-4-26 15:43:49] com.pluto.init.py successfully completed.
 [RUN ID: 35640]: [ERROR: 0x0012] @ [2023-4-26 15:43:49] This version of Windows is not compatible with Pluto.
 [RUN ID: 35640]: [INFO:  PASSED] @ [2023-4-26 15:43:49] com.pluto.init.py successfully completed.
 [RUN ID: 35461]: [INFO:  PASSED] @ [2023-4-26 15:50:52] com.pluto.init.py successfully completed.
 [RUN ID: 29931]: [ERROR: 0x0014] @ [2023-4-26 16:31:29] Windows is not compatible with this Pluto.
 [RUN ID: 77686]: [ERROR: 0x0014] @ [2023-4-26 16:33:4] Windows is not compatible with Pluto.
 [RUN ID: 77686]: [ERROR: 0x0022] @ [2023-4-26 16:33:4] System is not able to determine your Windows version. Unable to continue.
 [RUN ID: 11327]: [ERROR: 0x0022] @ [2023-4-26 16:37:41] System is not able to determine your Windows version. Unable to continue.
 [RUN ID: 11327]: [ERROR: 0x0022] @ [2023-4-26 16:37:41] System is not able to determine your Windows version. Unable to continue.
 [RUN ID: 15240]: [INFO:  PASSED] @ [2023-4-26 16:50:13] com.pluto.init.py successfully completed.
 --
 [RUN ID: 75438]: [WARN         ] @ [2023-4-26 17:7:19] TEST WARNING, IGNORE
 [RUN ID: 10094]: [WARN:  0x0000] @ [2023-4-26 17:11:33] TEST WARNING, IGNORE
 [RUN ID: 59196]: [WARN:  0x0000] @ [2023-4-26 19:5:28] TEST WARNING, IGNORE
 [RUN ID: 32807]: [WARN:  0x0000] @ [2023-4-26 19:5:29] TEST WARNING, IGNORE
 [RUN ID: 45408]: [ERROR: 0x0000] @ [2023-5-2 10:10:53] TEST ERROR
 [RUN ID: 16331]: [ERROR: 0x0000] @ [2023-5-2 10:11:24] TEST ERROR
 [RUN ID: 74739]: [ERROR: 0x0000] @ [2023-5-2 10:11:35] TEST ERROR
 [RUN ID: 60257]: [ERROR: 0x0000] @ [2023-5-2 10:11:48] TEST ERROR
 [RUN ID: 97096]: [ERROR: 0x0000] @ [2023-5-2 10:30:14] [LEGACY] This is a "0" bug report. Used for testing only.
 [RUN ID: 15040]: [ERROR: 0x0000] @ [2023-5-2 10:37:29] ERROR USED FOR TESTING ONLY! PROGRAM RETURNED '0'!
 --
 [RUN ID: 37573]: [ERROR: 0x0000] @ [2023-5-12  46:46:46] ERROR USED FOR TESTING ONLY! PROGRAM RETURNED '0'!
 [RUN ID: 65107]: [ERROR: 0x0000] @ [2023-5-12  10:10:10] ERROR USED FOR TESTING ONLY! PROGRAM RETURNED '0'!
 [RUN ID: 11822]: [ERROR: 0x0000] @ [2023-5-12  52:52:52] ERROR USED FOR TESTING ONLY! PROGRAM RETURNED '0'!
 [RUN ID: 66653]: [ERROR: 0x0000] @ [2023-5-12  27:27:27] ERROR USED FOR TESTING ONLY! PROGRAM RETURNED '0'!
 [RUN ID: 92712]: [ERROR: 0x0000] @ [2023-5-12  35:35:35] ERROR USED FOR TESTING ONLY! PROGRAM RETURNED '0'!
 [RUN ID: 45994]: [ERROR: 0x0000] @ [2023-5-12  57:57:57] ERROR USED FOR TESTING ONLY! PROGRAM RETURNED '0'!
 --
 [RUN ID: 17238]: [INFO:  0x0001] @ [2023-06-07  16:38:11] %s RETURNED '1'! NO ERRORS DETECTED!
 [RUN ID: 19838]: [INFO:  0x0001] @ [2023-06-07  16:46:33] SYS.PLUTO-DEV_INIT RETURNED '1'! NO ERRORS DETECTED!
 [RUN ID: 74308]: [INFO:  0x0001] @ [2023-06-07  17:02:09] SYS.PLUTO-DEV_INIT RETURNED '1'! NO ERRORS DETECTED!
 [RUN ID: 28187]: [ERROR: 0x6969] @ [2023-06-07  17:14:06] LOCAL.FOX-HOST PASSED WITHOUT ERRORS! PROGRAM RETURNED 0! ERROR??
 [RUN ID: 69067]: [ERROR: 0x0023] @ [2023-06-07  17:42:03] IMPORT ERROR WITH TEST-SERVER! PROGRAM RETURNED '0'!
 [RUN ID: 68995]: [ERROR: 0x0023] @ [2023-06-07  17:44:50] IMPORT ERROR WITH TEST-SERVER! PROGRAM RETURNED '0'!
 [RUN ID: 24274]: [ERROR: 0x0023] @ [2023-06-07  17:47:34] IMPORT ERROR WITH TEST-SERVER! PROGRAM RETURNED '0'!
 [RUN ID: 59911]: [ERROR: 0x0023] @ [2023-06-07  17:48:06] IMPORT ERROR WITH TEST-SERVER! PROGRAM RETURNED '0'!
 [RUN ID: 93948]: [ERROR: 0x0023] @ [2023-06-07  17:49:15] IMPORT ERROR WITH TEST-SERVER! PROGRAM RETURNED '0'!
 [RUN ID: 39936]: [ERROR: 0x0023] @ [2023-06-07  17:49:36] IMPORT ERROR WITH TEST-SERVER! PROGRAM RETURNED '0'!
 [RUN ID: 84153]: [ERROR: 0x0023] @ [2023-06-07  17:49:49] IMPORT ERROR WITH TEST-SERVER! PROGRAM RETURNED '0'!
 [RUN ID: 20075]: [ERROR: 0x0023] @ [2023-06-07  17:50:05] IMPORT ERROR WITH TEST-SERVER! PROGRAM RETURNED '0'!
 [RUN ID: 82635]: [ERROR: 0x0023] @ [2023-06-07  17:55:58] IMPORT ERROR WITH TEST-SERVER! PROGRAM RETURNED '0'!
 [RUN ID: 79317]: [ERROR: 0x0023] @ [2023-06-07  17:57:09] IMPORT ERROR WITH TEST-SERVER! PROGRAM RETURNED '0'!
 [RUN ID: 88601]: [ERROR: 0x0023] @ [2023-06-07  17:57:27] IMPORT ERROR WITH TEST-SERVER! PROGRAM RETURNED '0'!
 [RUN ID: 14518]: [ERROR: 0x0023] @ [2023-06-07  17:57:37] IMPORT ERROR WITH TEST-SERVER! PROGRAM RETURNED '0'!
 [RUN ID: 78135]: [ERROR: 0x0023] @ [2023-06-07  17:58:11] IMPORT ERROR WITH TEST-SERVER! PROGRAM RETURNED '0'!
 [RUN ID: 52641]: [ERROR: 0x0023] @ [2023-06-07  17:58:37] IMPORT ERROR WITH TEST-SERVER! PROGRAM RETURNED '0'!
 [RUN ID: 71891]: [ERROR: 0x0023] @ [2023-06-07  17:58:51] IMPORT ERROR WITH TEST-SERVER! PROGRAM RETURNED '0'!
 [RUN ID: 46490]: [ERROR: 0x0023] @ [2023-06-07  17:59:03] IMPORT ERROR WITH TEST-SERVER! PROGRAM RETURNED '0'!
 [RUN ID: 67133]: [INFO:  0x0001] @ [2023-06-09  12:56:30] SYS.PLUTO-DEV_INIT RETURNED '1'! NO ERRORS DETECTED!
 [RUN ID: 64778]: [INFO:  0x0001] @ [2023-06-09  12:57:04] SYS.PLUTO-DEV_INIT RETURNED '1'! NO ERRORS DETECTED!
 [RUN ID: 65389]: [INFO:  0x0001] @ [2023-06-09  12:57:24] SYS.PLUTO-DEV_INIT RETURNED '1'! NO ERRORS DETECTED!
 [RUN ID: 42556]: [INFO:  0x0001] @ [2023-06-09  12:58:03] SYS.PLUTO-DEV_INIT RETURNED '1'! NO ERRORS DETECTED!
 [RUN ID: 62291]: [INFO:  0x0001] @ [2023-06-09  12:58:18] SYS.PLUTO-DEV_INIT RETURNED '1'! NO ERRORS DETECTED!
 [RUN ID: 20975]: [INFO:  0x0001] @ [2023-06-09  12:58:49] SYS.PLUTO-DEV_INIT RETURNED '1'! NO ERRORS DETECTED!
 [RUN ID: 19631]: [INFO:  0x0001] @ [2023-06-09  12:59:24] SYS.PLUTO-DEV_INIT RETURNED '1'! NO ERRORS DETECTED!
 [RUN ID: 37994]: [INFO:  0x0001] @ [2023-06-09  13:16:14] SYS.PLUTO-DEV_INIT RETURNED '1'! NO ERRORS DETECTED!
 [RUN ID: 12106]: [INFO:  0x0001] @ [2023-06-09  13:17:13] SYS.PLUTO-DEV_INIT RETURNED '1'! NO ERRORS DETECTED!
 [RUN ID: 74631]: [INFO:  0x0001] @ [2023-06-09  13:17:36] SYS.PLUTO-DEV_INIT RETURNED '1'! NO ERRORS DETECTED!
 [RUN ID: 92033]: [INFO:  0x0001] @ [2023-06-09  13:19:22] SYS.PLUTO-DEV_INIT RETURNED '1'! NO ERRORS DETECTED!
 [RUN ID: 65802]: [INFO:  0x0001] @ [2023-06-09  13:23:53] SYS.PLUTO-DEV_INIT RETURNED '1'! NO ERRORS DETECTED!
 [RUN ID: 17101]: [INFO:  0x0001] @ [2023-06-09  13:44:55] SYS.PLUTO-DEV_INIT RETURNED '1'! NO ERRORS DETECTED!